<?xml version="1.0" encoding="UTF-8"?>
<!-- Generated by org.testng.reporters.JUnitReportReporter -->
<testsuite hostname="LAPTOP-KTH72RIV" failures="0" tests="1" name="TestNGProject.TestNGTest" time="0.009" errors="0" timestamp="2025-06-12T00:04:31 PDT" skipped="0">
  <testcase classname="TestNGProject.TestNGTest" name="test" time="0.009"/>
</testsuite> <!-- TestNGProject.TestNGTest -->
